[32m[1mtide::log[0m Logger started
    [1mlevel[0m Info
[32m[1mback::middlewares::jwt_token[0m generate decodeing key
[32m[1mback::middlewares::jwt_token[0m generate decodeing key
[32m[1mtide::server[0m Server listening on http://127.0.0.1:2333
[32m[1mtide::log::middleware[0m <-- Request received
    [1mmethod[0m GET
    [1mpath[0m /api/v1/articles
[32m[1mback::applications::article[0m resolved query string is: %
[32m[1mtide::log::middleware[0m <-- Request received
    [1mmethod[0m GET
    [1mpath[0m /api/v1/tags
[32m[1msqlx::query[0m select article.id as id, …; rows affected: 10, rows returned: 10, elapsed: 4.638ms

select
  article.id as id,
  title,
  description,
  body,
  created_at,
  updated_at,
  author_id
from
  article
  inner join condituser on author_id = condituser.id
  inner join tag on tag.article_id = article.id
where
  title ilike '%'
group by
  article.id
order by
  updated_at desc
limit
  10 offset 0;

[32m[1mtide::log::middleware[0m <-- Request received
    [1mmethod[0m GET
    [1mpath[0m /api/v1/articles
[32m[1mback::applications::article[0m resolved query string is: %
[32m[1msqlx::query[0m select article.id as id, …; rows affected: 10, rows returned: 10, elapsed: 968.950µs

select
  article.id as id,
  title,
  description,
  body,
  created_at,
  updated_at,
  author_id
from
  article
  inner join condituser on author_id = condituser.id
  inner join tag on tag.article_id = article.id
where
  title ilike '%'
group by
  article.id
order by
  updated_at desc
limit
  10 offset 0;

[32m[1msqlx::query[0m select count(distinct article.id) from …; rows affected: 0, rows returned: 1, elapsed: 2.355ms

select
  count(distinct article.id)
from
  article
  inner join condituser on author_id = condituser.id
  inner join tag on tag.article_id = article.id
where
  title ilike '%'

[32m[1msqlx::query[0m with follower as ( …; rows affected: 8, rows returned: 8, elapsed: 2.510ms

with follower as (
  select
    article_id,
    id as user_id
  from
    favoriting
    inner join condituser on favoriting.follower_id = condituser.id
),
rank as (
  select
    name,
    count(follower.user_id) as hot
  from
    tag
    left join follower on follower.article_id = tag.article_id
  where
    name ilike $1
  group by
    name
  order by
    hot desc
  limit
    10
)
select
  name
from
  rank;

[32m[1mtide::log::middleware[0m --> Response sent
    [1mmethod[0m GET
    [1mpath[0m /api/v1/tags
    [1mstatus[0m 200 - OK
    [1mduration[0m 214.554352ms
[32m[1msqlx::query[0m with following_false as ( …; rows affected: 0, rows returned: 1, elapsed: 684.203µs

with following_false as (
  select
    false as following
)
select
  username,
  bio,
  image,
  following
from
  condituser
  cross join following_false
where
  id = $1;

[32m[1msqlx::query[0m select count(distinct article.id) from …; rows affected: 0, rows returned: 1, elapsed: 1.565ms

select
  count(distinct article.id)
from
  article
  inner join condituser on author_id = condituser.id
  inner join tag on tag.article_id = article.id
where
  title ilike '%'

[32m[1mtide::log::middleware[0m <-- Request received
    [1mmethod[0m GET
    [1mpath[0m /api/v1/tags
[32m[1msqlx::query[0m with following_false as ( …; rows affected: 0, rows returned: 1, elapsed: 845.718µs

with following_false as (
  select
    false as following
)
select
  username,
  bio,
  image,
  following
from
  condituser
  cross join following_false
where
  id = $1;

[32m[1msqlx::query[0m select count(*) from article …; rows affected: 0, rows returned: 1, elapsed: 954.838µs

select
  count(*)
from
  article
  inner join favoriting on article.id = favoriting.article_id
  and article.id = $1;

[32m[1msqlx::query[0m select name from tag …; rows affected: 1, rows returned: 1, elapsed: 809.600µs

select
  name
from
  tag
where
  article_id = $1;

[32m[1msqlx::query[0m with follower as ( …; rows affected: 8, rows returned: 8, elapsed: 1.970ms

with follower as (
  select
    article_id,
    id as user_id
  from
    favoriting
    inner join condituser on favoriting.follower_id = condituser.id
),
rank as (
  select
    name,
    count(follower.user_id) as hot
  from
    tag
    left join follower on follower.article_id = tag.article_id
  where
    name ilike $1
  group by
    name
  order by
    hot desc
  limit
    10
)
select
  name
from
  rank;

[32m[1mtide::log::middleware[0m --> Response sent
    [1mmethod[0m GET
    [1mpath[0m /api/v1/tags
    [1mstatus[0m 200 - OK
    [1mduration[0m 10.597531ms
[32m[1msqlx::query[0m select count(*) from article …; rows affected: 0, rows returned: 1, elapsed: 4.822ms

select
  count(*)
from
  article
  inner join favoriting on article.id = favoriting.article_id
  and article.id = $1;

[32m[1msqlx::query[0m select name from tag …; rows affected: 1, rows returned: 1, elapsed: 463.168µs

select
  name
from
  tag
where
  article_id = $1;

[32m[1msqlx::query[0m with following_false as ( …; rows affected: 0, rows returned: 1, elapsed: 2.040ms

with following_false as (
  select
    false as following
)
select
  username,
  bio,
  image,
  following
from
  condituser
  cross join following_false
where
  id = $1;

[32m[1msqlx::query[0m select count(*) from article …; rows affected: 0, rows returned: 1, elapsed: 616.369µs

select
  count(*)
from
  article
  inner join favoriting on article.id = favoriting.article_id
  and article.id = $1;

[32m[1msqlx::query[0m select name from tag …; rows affected: 1, rows returned: 1, elapsed: 541.829µs

select
  name
from
  tag
where
  article_id = $1;

[32m[1msqlx::query[0m with following_false as ( …; rows affected: 0, rows returned: 1, elapsed: 299.138µs

with following_false as (
  select
    false as following
)
select
  username,
  bio,
  image,
  following
from
  condituser
  cross join following_false
where
  id = $1;

[32m[1msqlx::query[0m select count(*) from article …; rows affected: 0, rows returned: 1, elapsed: 321.074µs

select
  count(*)
from
  article
  inner join favoriting on article.id = favoriting.article_id
  and article.id = $1;

[32m[1msqlx::query[0m select name from tag …; rows affected: 1, rows returned: 1, elapsed: 472.459µs

select
  name
from
  tag
where
  article_id = $1;

[32m[1msqlx::query[0m with following_false as ( …; rows affected: 0, rows returned: 1, elapsed: 542.529µs

with following_false as (
  select
    false as following
)
select
  username,
  bio,
  image,
  following
from
  condituser
  cross join following_false
where
  id = $1;

[32m[1msqlx::query[0m select count(*) from article …; rows affected: 0, rows returned: 1, elapsed: 1.505ms

select
  count(*)
from
  article
  inner join favoriting on article.id = favoriting.article_id
  and article.id = $1;

[32m[1msqlx::query[0m select name from tag …; rows affected: 1, rows returned: 1, elapsed: 630.062µs

select
  name
from
  tag
where
  article_id = $1;

[32m[1msqlx::query[0m with following_false as ( …; rows affected: 0, rows returned: 1, elapsed: 987.603µs

with following_false as (
  select
    false as following
)
select
  username,
  bio,
  image,
  following
from
  condituser
  cross join following_false
where
  id = $1;

[32m[1msqlx::query[0m select count(*) from article …; rows affected: 0, rows returned: 1, elapsed: 368.019µs

select
  count(*)
from
  article
  inner join favoriting on article.id = favoriting.article_id
  and article.id = $1;

[32m[1msqlx::query[0m select name from tag …; rows affected: 1, rows returned: 1, elapsed: 320.585µs

select
  name
from
  tag
where
  article_id = $1;

[32m[1msqlx::query[0m with following_false as ( …; rows affected: 0, rows returned: 1, elapsed: 295.435µs

with following_false as (
  select
    false as following
)
select
  username,
  bio,
  image,
  following
from
  condituser
  cross join following_false
where
  id = $1;

[32m[1msqlx::query[0m select count(*) from article …; rows affected: 0, rows returned: 1, elapsed: 502.569µs

select
  count(*)
from
  article
  inner join favoriting on article.id = favoriting.article_id
  and article.id = $1;

[32m[1msqlx::query[0m select name from tag …; rows affected: 1, rows returned: 1, elapsed: 393.029µs

select
  name
from
  tag
where
  article_id = $1;

[32m[1msqlx::query[0m with following_false as ( …; rows affected: 0, rows returned: 1, elapsed: 285.097µs

with following_false as (
  select
    false as following
)
select
  username,
  bio,
  image,
  following
from
  condituser
  cross join following_false
where
  id = $1;

[32m[1msqlx::query[0m select count(*) from article …; rows affected: 0, rows returned: 1, elapsed: 408.188µs

select
  count(*)
from
  article
  inner join favoriting on article.id = favoriting.article_id
  and article.id = $1;

[32m[1msqlx::query[0m select name from tag …; rows affected: 1, rows returned: 1, elapsed: 359.357µs

select
  name
from
  tag
where
  article_id = $1;

[32m[1msqlx::query[0m with following_false as ( …; rows affected: 0, rows returned: 1, elapsed: 247.163µs

with following_false as (
  select
    false as following
)
select
  username,
  bio,
  image,
  following
from
  condituser
  cross join following_false
where
  id = $1;

[32m[1msqlx::query[0m select count(*) from article …; rows affected: 0, rows returned: 1, elapsed: 610.502µs

select
  count(*)
from
  article
  inner join favoriting on article.id = favoriting.article_id
  and article.id = $1;

[32m[1msqlx::query[0m select name from tag …; rows affected: 1, rows returned: 1, elapsed: 450.453µs

select
  name
from
  tag
where
  article_id = $1;

[32m[1msqlx::query[0m with following_false as ( …; rows affected: 0, rows returned: 1, elapsed: 389.466µs

with following_false as (
  select
    false as following
)
select
  username,
  bio,
  image,
  following
from
  condituser
  cross join following_false
where
  id = $1;

[32m[1msqlx::query[0m select count(*) from article …; rows affected: 0, rows returned: 1, elapsed: 558.526µs

select
  count(*)
from
  article
  inner join favoriting on article.id = favoriting.article_id
  and article.id = $1;

[32m[1msqlx::query[0m select name from tag …; rows affected: 1, rows returned: 1, elapsed: 374.935µs

select
  name
from
  tag
where
  article_id = $1;

[32m[1msqlx::query[0m with following_false as ( …; rows affected: 0, rows returned: 1, elapsed: 357.192µs

with following_false as (
  select
    false as following
)
select
  username,
  bio,
  image,
  following
from
  condituser
  cross join following_false
where
  id = $1;

[32m[1msqlx::query[0m select count(*) from article …; rows affected: 0, rows returned: 1, elapsed: 530.512µs

select
  count(*)
from
  article
  inner join favoriting on article.id = favoriting.article_id
  and article.id = $1;

[32m[1msqlx::query[0m select name from tag …; rows affected: 1, rows returned: 1, elapsed: 494.954µs

select
  name
from
  tag
where
  article_id = $1;

[32m[1mtide::log::middleware[0m --> Response sent
    [1mmethod[0m GET
    [1mpath[0m /api/v1/articles
    [1mstatus[0m 200 - OK
    [1mduration[0m 299.207667ms
[32m[1msqlx::query[0m with following_false as ( …; rows affected: 0, rows returned: 1, elapsed: 1.908ms

with following_false as (
  select
    false as following
)
select
  username,
  bio,
  image,
  following
from
  condituser
  cross join following_false
where
  id = $1;

[32m[1msqlx::query[0m select count(*) from article …; rows affected: 0, rows returned: 1, elapsed: 459.605µs

select
  count(*)
from
  article
  inner join favoriting on article.id = favoriting.article_id
  and article.id = $1;

[32m[1msqlx::query[0m select name from tag …; rows affected: 1, rows returned: 1, elapsed: 514.165µs

select
  name
from
  tag
where
  article_id = $1;

[32m[1msqlx::query[0m with following_false as ( …; rows affected: 0, rows returned: 1, elapsed: 454.784µs

with following_false as (
  select
    false as following
)
select
  username,
  bio,
  image,
  following
from
  condituser
  cross join following_false
where
  id = $1;

[32m[1msqlx::query[0m select count(*) from article …; rows affected: 0, rows returned: 1, elapsed: 643.545µs

select
  count(*)
from
  article
  inner join favoriting on article.id = favoriting.article_id
  and article.id = $1;

[32m[1msqlx::query[0m select name from tag …; rows affected: 1, rows returned: 1, elapsed: 924.519µs

select
  name
from
  tag
where
  article_id = $1;

[32m[1msqlx::query[0m with following_false as ( …; rows affected: 0, rows returned: 1, elapsed: 441.302µs

with following_false as (
  select
    false as following
)
select
  username,
  bio,
  image,
  following
from
  condituser
  cross join following_false
where
  id = $1;

[32m[1msqlx::query[0m select count(*) from article …; rows affected: 0, rows returned: 1, elapsed: 539.385µs

select
  count(*)
from
  article
  inner join favoriting on article.id = favoriting.article_id
  and article.id = $1;

[32m[1msqlx::query[0m select name from tag …; rows affected: 1, rows returned: 1, elapsed: 483.566µs

select
  name
from
  tag
where
  article_id = $1;

[32m[1msqlx::query[0m with following_false as ( …; rows affected: 0, rows returned: 1, elapsed: 517.099µs

with following_false as (
  select
    false as following
)
select
  username,
  bio,
  image,
  following
from
  condituser
  cross join following_false
where
  id = $1;

[32m[1msqlx::query[0m select count(*) from article …; rows affected: 0, rows returned: 1, elapsed: 1.537ms

select
  count(*)
from
  article
  inner join favoriting on article.id = favoriting.article_id
  and article.id = $1;

[32m[1msqlx::query[0m select name from tag …; rows affected: 1, rows returned: 1, elapsed: 716.897µs

select
  name
from
  tag
where
  article_id = $1;

[32m[1msqlx::query[0m with following_false as ( …; rows affected: 0, rows returned: 1, elapsed: 445.424µs

with following_false as (
  select
    false as following
)
select
  username,
  bio,
  image,
  following
from
  condituser
  cross join following_false
where
  id = $1;

[32m[1msqlx::query[0m select count(*) from article …; rows affected: 0, rows returned: 1, elapsed: 572.358µs

select
  count(*)
from
  article
  inner join favoriting on article.id = favoriting.article_id
  and article.id = $1;

[32m[1msqlx::query[0m select name from tag …; rows affected: 1, rows returned: 1, elapsed: 482.380µs

select
  name
from
  tag
where
  article_id = $1;

[32m[1msqlx::query[0m with following_false as ( …; rows affected: 0, rows returned: 1, elapsed: 402.321µs

with following_false as (
  select
    false as following
)
select
  username,
  bio,
  image,
  following
from
  condituser
  cross join following_false
where
  id = $1;

[32m[1msqlx::query[0m select count(*) from article …; rows affected: 0, rows returned: 1, elapsed: 757.555µs

select
  count(*)
from
  article
  inner join favoriting on article.id = favoriting.article_id
  and article.id = $1;

[32m[1msqlx::query[0m select name from tag …; rows affected: 1, rows returned: 1, elapsed: 587.867µs

select
  name
from
  tag
where
  article_id = $1;

[32m[1msqlx::query[0m with following_false as ( …; rows affected: 0, rows returned: 1, elapsed: 487.060µs

with following_false as (
  select
    false as following
)
select
  username,
  bio,
  image,
  following
from
  condituser
  cross join following_false
where
  id = $1;

[32m[1msqlx::query[0m select count(*) from article …; rows affected: 0, rows returned: 1, elapsed: 1.109ms

select
  count(*)
from
  article
  inner join favoriting on article.id = favoriting.article_id
  and article.id = $1;

[32m[1msqlx::query[0m select name from tag …; rows affected: 1, rows returned: 1, elapsed: 598.136µs

select
  name
from
  tag
where
  article_id = $1;

[32m[1msqlx::query[0m with following_false as ( …; rows affected: 0, rows returned: 1, elapsed: 450.034µs

with following_false as (
  select
    false as following
)
select
  username,
  bio,
  image,
  following
from
  condituser
  cross join following_false
where
  id = $1;

[32m[1msqlx::query[0m select count(*) from article …; rows affected: 0, rows returned: 1, elapsed: 438.717µs

select
  count(*)
from
  article
  inner join favoriting on article.id = favoriting.article_id
  and article.id = $1;

[32m[1msqlx::query[0m select name from tag …; rows affected: 1, rows returned: 1, elapsed: 628.944µs

select
  name
from
  tag
where
  article_id = $1;

[32m[1msqlx::query[0m with following_false as ( …; rows affected: 0, rows returned: 1, elapsed: 496.421µs

with following_false as (
  select
    false as following
)
select
  username,
  bio,
  image,
  following
from
  condituser
  cross join following_false
where
  id = $1;

[32m[1msqlx::query[0m select count(*) from article …; rows affected: 0, rows returned: 1, elapsed: 330.225µs

select
  count(*)
from
  article
  inner join favoriting on article.id = favoriting.article_id
  and article.id = $1;

[32m[1msqlx::query[0m select name from tag …; rows affected: 1, rows returned: 1, elapsed: 466.382µs

select
  name
from
  tag
where
  article_id = $1;

[32m[1mtide::log::middleware[0m --> Response sent
    [1mmethod[0m GET
    [1mpath[0m /api/v1/articles
    [1mstatus[0m 200 - OK
    [1mduration[0m 495.334456ms
[32m[1mtide::log::middleware[0m <-- Request received
    [1mmethod[0m GET
    [1mpath[0m /api/v1/tags
[32m[1mtide::log::middleware[0m <-- Request received
    [1mmethod[0m GET
    [1mpath[0m /api/v1/articles
[32m[1mback::applications::article[0m resolved query string is: %1%
[32m[1msqlx::query[0m select article.id as id, …; rows affected: 10, rows returned: 10, elapsed: 2.218ms

select
  article.id as id,
  title,
  description,
  body,
  created_at,
  updated_at,
  author_id
from
  article
  inner join condituser on author_id = condituser.id
  inner join tag on tag.article_id = article.id
where
  title ilike '%1%'
group by
  article.id
order by
  updated_at desc
limit
  10 offset 0;

[32m[1msqlx::query[0m with follower as ( …; rows affected: 0, rows returned: 0, elapsed: 2.083ms

with follower as (
  select
    article_id,
    id as user_id
  from
    favoriting
    inner join condituser on favoriting.follower_id = condituser.id
),
rank as (
  select
    name,
    count(follower.user_id) as hot
  from
    tag
    left join follower on follower.article_id = tag.article_id
  where
    name ilike $1
  group by
    name
  order by
    hot desc
  limit
    10
)
select
  name
from
  rank;

[32m[1mtide::log::middleware[0m --> Response sent
    [1mmethod[0m GET
    [1mpath[0m /api/v1/tags
    [1mstatus[0m 200 - OK
    [1mduration[0m 8.095529ms
[32m[1msqlx::query[0m select count(distinct article.id) from …; rows affected: 0, rows returned: 1, elapsed: 837.685µs

select
  count(distinct article.id)
from
  article
  inner join condituser on author_id = condituser.id
  inner join tag on tag.article_id = article.id
where
  title ilike '%1%'

[32m[1msqlx::query[0m with following_false as ( …; rows affected: 0, rows returned: 1, elapsed: 292.083µs

with following_false as (
  select
    false as following
)
select
  username,
  bio,
  image,
  following
from
  condituser
  cross join following_false
where
  id = $1;

[32m[1msqlx::query[0m select count(*) from article …; rows affected: 0, rows returned: 1, elapsed: 446.053µs

select
  count(*)
from
  article
  inner join favoriting on article.id = favoriting.article_id
  and article.id = $1;

[32m[1msqlx::query[0m select name from tag …; rows affected: 1, rows returned: 1, elapsed: 242.482µs

select
  name
from
  tag
where
  article_id = $1;

[32m[1msqlx::query[0m with following_false as ( …; rows affected: 0, rows returned: 1, elapsed: 246.674µs

with following_false as (
  select
    false as following
)
select
  username,
  bio,
  image,
  following
from
  condituser
  cross join following_false
where
  id = $1;

[32m[1msqlx::query[0m select count(*) from article …; rows affected: 0, rows returned: 1, elapsed: 903.423µs

select
  count(*)
from
  article
  inner join favoriting on article.id = favoriting.article_id
  and article.id = $1;

[32m[1msqlx::query[0m select name from tag …; rows affected: 1, rows returned: 1, elapsed: 312.481µs

select
  name
from
  tag
where
  article_id = $1;

[32m[1msqlx::query[0m with following_false as ( …; rows affected: 0, rows returned: 1, elapsed: 390.934µs

with following_false as (
  select
    false as following
)
select
  username,
  bio,
  image,
  following
from
  condituser
  cross join following_false
where
  id = $1;

[32m[1msqlx::query[0m select count(*) from article …; rows affected: 0, rows returned: 1, elapsed: 402.810µs

select
  count(*)
from
  article
  inner join favoriting on article.id = favoriting.article_id
  and article.id = $1;

[32m[1msqlx::query[0m select name from tag …; rows affected: 1, rows returned: 1, elapsed: 319.747µs

select
  name
from
  tag
where
  article_id = $1;

[32m[1msqlx::query[0m with following_false as ( …; rows affected: 0, rows returned: 1, elapsed: 381.014µs

with following_false as (
  select
    false as following
)
select
  username,
  bio,
  image,
  following
from
  condituser
  cross join following_false
where
  id = $1;

[32m[1msqlx::query[0m select count(*) from article …; rows affected: 0, rows returned: 1, elapsed: 1.476ms

select
  count(*)
from
  article
  inner join favoriting on article.id = favoriting.article_id
  and article.id = $1;

[32m[1msqlx::query[0m select name from tag …; rows affected: 1, rows returned: 1, elapsed: 218.172µs

select
  name
from
  tag
where
  article_id = $1;

[32m[1msqlx::query[0m with following_false as ( …; rows affected: 0, rows returned: 1, elapsed: 248.560µs

with following_false as (
  select
    false as following
)
select
  username,
  bio,
  image,
  following
from
  condituser
  cross join following_false
where
  id = $1;

[32m[1msqlx::query[0m select count(*) from article …; rows affected: 0, rows returned: 1, elapsed: 443.328µs

select
  count(*)
from
  article
  inner join favoriting on article.id = favoriting.article_id
  and article.id = $1;

[32m[1msqlx::query[0m select name from tag …; rows affected: 1, rows returned: 1, elapsed: 488.877µs

select
  name
from
  tag
where
  article_id = $1;

[32m[1msqlx::query[0m with following_false as ( …; rows affected: 0, rows returned: 1, elapsed: 385.904µs

with following_false as (
  select
    false as following
)
select
  username,
  bio,
  image,
  following
from
  condituser
  cross join following_false
where
  id = $1;

[32m[1msqlx::query[0m select count(*) from article …; rows affected: 0, rows returned: 1, elapsed: 1.197ms

select
  count(*)
from
  article
  inner join favoriting on article.id = favoriting.article_id
  and article.id = $1;

[32m[1msqlx::query[0m select name from tag …; rows affected: 1, rows returned: 1, elapsed: 429.497µs

select
  name
from
  tag
where
  article_id = $1;

[32m[1msqlx::query[0m with following_false as ( …; rows affected: 0, rows returned: 1, elapsed: 442.211µs

with following_false as (
  select
    false as following
)
select
  username,
  bio,
  image,
  following
from
  condituser
  cross join following_false
where
  id = $1;

[32m[1msqlx::query[0m select count(*) from article …; rows affected: 0, rows returned: 1, elapsed: 285.306µs

select
  count(*)
from
  article
  inner join favoriting on article.id = favoriting.article_id
  and article.id = $1;

[32m[1msqlx::query[0m select name from tag …; rows affected: 1, rows returned: 1, elapsed: 426.981µs

select
  name
from
  tag
where
  article_id = $1;

[32m[1msqlx::query[0m with following_false as ( …; rows affected: 0, rows returned: 1, elapsed: 355.725µs

with following_false as (
  select
    false as following
)
select
  username,
  bio,
  image,
  following
from
  condituser
  cross join following_false
where
  id = $1;

[32m[1msqlx::query[0m select count(*) from article …; rows affected: 0, rows returned: 1, elapsed: 577.179µs

select
  count(*)
from
  article
  inner join favoriting on article.id = favoriting.article_id
  and article.id = $1;

[32m[1msqlx::query[0m select name from tag …; rows affected: 1, rows returned: 1, elapsed: 455.204µs

select
  name
from
  tag
where
  article_id = $1;

[32m[1msqlx::query[0m with following_false as ( …; rows affected: 0, rows returned: 1, elapsed: 390.445µs

with following_false as (
  select
    false as following
)
select
  username,
  bio,
  image,
  following
from
  condituser
  cross join following_false
where
  id = $1;

[32m[1msqlx::query[0m select count(*) from article …; rows affected: 0, rows returned: 1, elapsed: 610.362µs

select
  count(*)
from
  article
  inner join favoriting on article.id = favoriting.article_id
  and article.id = $1;

[32m[1msqlx::query[0m select name from tag …; rows affected: 1, rows returned: 1, elapsed: 311.504µs

select
  name
from
  tag
where
  article_id = $1;

[32m[1msqlx::query[0m with following_false as ( …; rows affected: 0, rows returned: 1, elapsed: 258.201µs

with following_false as (
  select
    false as following
)
select
  username,
  bio,
  image,
  following
from
  condituser
  cross join following_false
where
  id = $1;

[32m[1msqlx::query[0m select count(*) from article …; rows affected: 0, rows returned: 1, elapsed: 333.510µs

select
  count(*)
from
  article
  inner join favoriting on article.id = favoriting.article_id
  and article.id = $1;

[32m[1msqlx::query[0m select name from tag …; rows affected: 1, rows returned: 1, elapsed: 463.448µs

select
  name
from
  tag
where
  article_id = $1;

[32m[1mtide::log::middleware[0m --> Response sent
    [1mmethod[0m GET
    [1mpath[0m /api/v1/articles
    [1mstatus[0m 200 - OK
    [1mduration[0m 93.279345ms
[32m[1mtide::log::middleware[0m <-- Request received
    [1mmethod[0m GET
    [1mpath[0m /api/v1/tags
[32m[1mtide::log::middleware[0m <-- Request received
    [1mmethod[0m GET
    [1mpath[0m /api/v1/articles
[32m[1mback::applications::article[0m resolved query string is: %1%2%
[32m[1msqlx::query[0m select article.id as id, …; rows affected: 1, rows returned: 1, elapsed: 1.939ms

select
  article.id as id,
  title,
  description,
  body,
  created_at,
  updated_at,
  author_id
from
  article
  inner join condituser on author_id = condituser.id
  inner join tag on tag.article_id = article.id
where
  title ilike '%1%2%'
group by
  article.id
order by
  updated_at desc
limit
  10 offset 0;

[32m[1msqlx::query[0m select count(distinct article.id) from …; rows affected: 0, rows returned: 1, elapsed: 929.831µs

select
  count(distinct article.id)
from
  article
  inner join condituser on author_id = condituser.id
  inner join tag on tag.article_id = article.id
where
  title ilike '%1%2%'

[32m[1msqlx::query[0m with follower as ( …; rows affected: 0, rows returned: 0, elapsed: 2.766ms

with follower as (
  select
    article_id,
    id as user_id
  from
    favoriting
    inner join condituser on favoriting.follower_id = condituser.id
),
rank as (
  select
    name,
    count(follower.user_id) as hot
  from
    tag
    left join follower on follower.article_id = tag.article_id
  where
    name ilike $1
  group by
    name
  order by
    hot desc
  limit
    10
)
select
  name
from
  rank;

[32m[1mtide::log::middleware[0m --> Response sent
    [1mmethod[0m GET
    [1mpath[0m /api/v1/tags
    [1mstatus[0m 200 - OK
    [1mduration[0m 11.183679ms
[32m[1msqlx::query[0m with following_false as ( …; rows affected: 0, rows returned: 1, elapsed: 375.915µs

with following_false as (
  select
    false as following
)
select
  username,
  bio,
  image,
  following
from
  condituser
  cross join following_false
where
  id = $1;

[32m[1msqlx::query[0m select count(*) from article …; rows affected: 0, rows returned: 1, elapsed: 622.170µs

select
  count(*)
from
  article
  inner join favoriting on article.id = favoriting.article_id
  and article.id = $1;

[32m[1msqlx::query[0m select name from tag …; rows affected: 1, rows returned: 1, elapsed: 708.236µs

select
  name
from
  tag
where
  article_id = $1;

[32m[1mtide::log::middleware[0m --> Response sent
    [1mmethod[0m GET
    [1mpath[0m /api/v1/articles
    [1mstatus[0m 200 - OK
    [1mduration[0m 21.638793ms
[32m[1mtide::log::middleware[0m <-- Request received
    [1mmethod[0m GET
    [1mpath[0m /api/v1/tags
[32m[1mtide::log::middleware[0m <-- Request received
    [1mmethod[0m GET
    [1mpath[0m /api/v1/articles
[32m[1mback::applications::article[0m resolved query string is: %1%2%4%
[32m[1msqlx::query[0m with follower as ( …; rows affected: 0, rows returned: 0, elapsed: 557.759µs

with follower as (
  select
    article_id,
    id as user_id
  from
    favoriting
    inner join condituser on favoriting.follower_id = condituser.id
),
rank as (
  select
    name,
    count(follower.user_id) as hot
  from
    tag
    left join follower on follower.article_id = tag.article_id
  where
    name ilike $1
  group by
    name
  order by
    hot desc
  limit
    10
)
select
  name
from
  rank;

[32m[1mtide::log::middleware[0m --> Response sent
    [1mmethod[0m GET
    [1mpath[0m /api/v1/tags
    [1mstatus[0m 200 - OK
    [1mduration[0m 4.871939ms
[32m[1msqlx::query[0m select article.id as id, …; rows affected: 1, rows returned: 1, elapsed: 2.152ms

select
  article.id as id,
  title,
  description,
  body,
  created_at,
  updated_at,
  author_id
from
  article
  inner join condituser on author_id = condituser.id
  inner join tag on tag.article_id = article.id
where
  title ilike '%1%2%4%'
group by
  article.id
order by
  updated_at desc
limit
  10 offset 0;

[32m[1msqlx::query[0m select count(distinct article.id) from …; rows affected: 0, rows returned: 1, elapsed: 1.005ms

select
  count(distinct article.id)
from
  article
  inner join condituser on author_id = condituser.id
  inner join tag on tag.article_id = article.id
where
  title ilike '%1%2%4%'

[32m[1msqlx::query[0m with following_false as ( …; rows affected: 0, rows returned: 1, elapsed: 435.016µs

with following_false as (
  select
    false as following
)
select
  username,
  bio,
  image,
  following
from
  condituser
  cross join following_false
where
  id = $1;

[32m[1msqlx::query[0m select count(*) from article …; rows affected: 0, rows returned: 1, elapsed: 410.705µs

select
  count(*)
from
  article
  inner join favoriting on article.id = favoriting.article_id
  and article.id = $1;

[32m[1msqlx::query[0m select name from tag …; rows affected: 1, rows returned: 1, elapsed: 368.510µs

select
  name
from
  tag
where
  article_id = $1;

[32m[1mtide::log::middleware[0m --> Response sent
    [1mmethod[0m GET
    [1mpath[0m /api/v1/articles
    [1mstatus[0m 200 - OK
    [1mduration[0m 20.690529ms
[32m[1mtide::log::middleware[0m <-- Request received
    [1mmethod[0m GET
    [1mpath[0m /api/v1/tags
[32m[1mtide::log::middleware[0m <-- Request received
    [1mmethod[0m GET
    [1mpath[0m /api/v1/articles
[32m[1mback::applications::article[0m resolved query string is: %
[32m[1msqlx::query[0m select article.id as id, …; rows affected: 10, rows returned: 10, elapsed: 1.722ms

select
  article.id as id,
  title,
  description,
  body,
  created_at,
  updated_at,
  author_id
from
  article
  inner join condituser on author_id = condituser.id
  inner join tag on tag.article_id = article.id
where
  title ilike '%'
group by
  article.id
order by
  updated_at desc
limit
  10 offset 0;

[32m[1msqlx::query[0m with follower as ( …; rows affected: 8, rows returned: 8, elapsed: 1.832ms

with follower as (
  select
    article_id,
    id as user_id
  from
    favoriting
    inner join condituser on favoriting.follower_id = condituser.id
),
rank as (
  select
    name,
    count(follower.user_id) as hot
  from
    tag
    left join follower on follower.article_id = tag.article_id
  where
    name ilike $1
  group by
    name
  order by
    hot desc
  limit
    10
)
select
  name
from
  rank;

[32m[1mtide::log::middleware[0m --> Response sent
    [1mmethod[0m GET
    [1mpath[0m /api/v1/tags
    [1mstatus[0m 200 - OK
    [1mduration[0m 6.484649ms
[32m[1msqlx::query[0m select count(distinct article.id) from …; rows affected: 0, rows returned: 1, elapsed: 589.425µs

select
  count(distinct article.id)
from
  article
  inner join condituser on author_id = condituser.id
  inner join tag on tag.article_id = article.id
where
  title ilike '%'

[32m[1mtide::log::middleware[0m <-- Request received
    [1mmethod[0m GET
    [1mpath[0m /api/v1/tags
[32m[1msqlx::query[0m with following_false as ( …; rows affected: 0, rows returned: 1, elapsed: 556.853µs

with following_false as (
  select
    false as following
)
select
  username,
  bio,
  image,
  following
from
  condituser
  cross join following_false
where
  id = $1;

[32m[1msqlx::query[0m select count(*) from article …; rows affected: 0, rows returned: 1, elapsed: 465.990µs

select
  count(*)
from
  article
  inner join favoriting on article.id = favoriting.article_id
  and article.id = $1;

[32m[1msqlx::query[0m select name from tag …; rows affected: 1, rows returned: 1, elapsed: 728.236µs

select
  name
from
  tag
where
  article_id = $1;

[32m[1msqlx::query[0m with follower as ( …; rows affected: 8, rows returned: 8, elapsed: 1.346ms

with follower as (
  select
    article_id,
    id as user_id
  from
    favoriting
    inner join condituser on favoriting.follower_id = condituser.id
),
rank as (
  select
    name,
    count(follower.user_id) as hot
  from
    tag
    left join follower on follower.article_id = tag.article_id
  where
    name ilike $1
  group by
    name
  order by
    hot desc
  limit
    10
)
select
  name
from
  rank;

[32m[1mtide::log::middleware[0m --> Response sent
    [1mmethod[0m GET
    [1mpath[0m /api/v1/tags
    [1mstatus[0m 200 - OK
    [1mduration[0m 13.113841ms
[32m[1mtide::log::middleware[0m <-- Request received
    [1mmethod[0m GET
    [1mpath[0m /api/v1/articles
[32m[1mback::applications::article[0m resolved query string is: %
[32m[1msqlx::query[0m with following_false as ( …; rows affected: 0, rows returned: 1, elapsed: 840.627µs

with following_false as (
  select
    false as following
)
select
  username,
  bio,
  image,
  following
from
  condituser
  cross join following_false
where
  id = $1;

[32m[1msqlx::query[0m select count(*) from article …; rows affected: 0, rows returned: 1, elapsed: 397.003µs

select
  count(*)
from
  article
  inner join favoriting on article.id = favoriting.article_id
  and article.id = $1;

[32m[1msqlx::query[0m select name from tag …; rows affected: 1, rows returned: 1, elapsed: 467.039µs

select
  name
from
  tag
where
  article_id = $1;

[32m[1msqlx::query[0m select article.id as id, …; rows affected: 10, rows returned: 10, elapsed: 1.676ms

select
  article.id as id,
  title,
  description,
  body,
  created_at,
  updated_at,
  author_id
from
  article
  inner join condituser on author_id = condituser.id
  inner join tag on tag.article_id = article.id
where
  title ilike '%'
group by
  article.id
order by
  updated_at desc
limit
  10 offset 0;

[32m[1msqlx::query[0m with following_false as ( …; rows affected: 0, rows returned: 1, elapsed: 376.455µs

with following_false as (
  select
    false as following
)
select
  username,
  bio,
  image,
  following
from
  condituser
  cross join following_false
where
  id = $1;

[32m[1msqlx::query[0m select count(*) from article …; rows affected: 0, rows returned: 1, elapsed: 918.001µs

select
  count(*)
from
  article
  inner join favoriting on article.id = favoriting.article_id
  and article.id = $1;

[32m[1msqlx::query[0m select count(distinct article.id) from …; rows affected: 0, rows returned: 1, elapsed: 779.818µs

select
  count(distinct article.id)
from
  article
  inner join condituser on author_id = condituser.id
  inner join tag on tag.article_id = article.id
where
  title ilike '%'

[32m[1msqlx::query[0m select name from tag …; rows affected: 1, rows returned: 1, elapsed: 256.585µs

select
  name
from
  tag
where
  article_id = $1;

[32m[1msqlx::query[0m with following_false as ( …; rows affected: 0, rows returned: 1, elapsed: 1.351ms

with following_false as (
  select
    false as following
)
select
  username,
  bio,
  image,
  following
from
  condituser
  cross join following_false
where
  id = $1;

[32m[1msqlx::query[0m select count(*) from article …; rows affected: 0, rows returned: 1, elapsed: 393.579µs

select
  count(*)
from
  article
  inner join favoriting on article.id = favoriting.article_id
  and article.id = $1;

[32m[1msqlx::query[0m select name from tag …; rows affected: 1, rows returned: 1, elapsed: 1.092ms

select
  name
from
  tag
where
  article_id = $1;

[32m[1msqlx::query[0m with following_false as ( …; rows affected: 0, rows returned: 1, elapsed: 1.476ms

with following_false as (
  select
    false as following
)
select
  username,
  bio,
  image,
  following
from
  condituser
  cross join following_false
where
  id = $1;

[32m[1msqlx::query[0m with following_false as ( …; rows affected: 0, rows returned: 1, elapsed: 305.022µs

with following_false as (
  select
    false as following
)
select
  username,
  bio,
  image,
  following
from
  condituser
  cross join following_false
where
  id = $1;

[32m[1msqlx::query[0m select count(*) from article …; rows affected: 0, rows returned: 1, elapsed: 291.043µs

select
  count(*)
from
  article
  inner join favoriting on article.id = favoriting.article_id
  and article.id = $1;

[32m[1msqlx::query[0m select count(*) from article …; rows affected: 0, rows returned: 1, elapsed: 383.794µs

select
  count(*)
from
  article
  inner join favoriting on article.id = favoriting.article_id
  and article.id = $1;

[32m[1msqlx::query[0m select name from tag …; rows affected: 1, rows returned: 1, elapsed: 371.002µs

select
  name
from
  tag
where
  article_id = $1;

[32m[1msqlx::query[0m select name from tag …; rows affected: 1, rows returned: 1, elapsed: 1.623ms

select
  name
from
  tag
where
  article_id = $1;

[32m[1msqlx::query[0m with following_false as ( …; rows affected: 0, rows returned: 1, elapsed: 1.789ms

with following_false as (
  select
    false as following
)
select
  username,
  bio,
  image,
  following
from
  condituser
  cross join following_false
where
  id = $1;

[32m[1msqlx::query[0m with following_false as ( …; rows affected: 0, rows returned: 1, elapsed: 469.485µs

with following_false as (
  select
    false as following
)
select
  username,
  bio,
  image,
  following
from
  condituser
  cross join following_false
where
  id = $1;

[32m[1msqlx::query[0m select count(*) from article …; rows affected: 0, rows returned: 1, elapsed: 529.805µs

select
  count(*)
from
  article
  inner join favoriting on article.id = favoriting.article_id
  and article.id = $1;

[32m[1msqlx::query[0m select count(*) from article …; rows affected: 0, rows returned: 1, elapsed: 752.630µs

select
  count(*)
from
  article
  inner join favoriting on article.id = favoriting.article_id
  and article.id = $1;

[32m[1msqlx::query[0m select name from tag …; rows affected: 1, rows returned: 1, elapsed: 1.343ms

select
  name
from
  tag
where
  article_id = $1;

[32m[1msqlx::query[0m select name from tag …; rows affected: 1, rows returned: 1, elapsed: 669.385µs

select
  name
from
  tag
where
  article_id = $1;

[32m[1msqlx::query[0m with following_false as ( …; rows affected: 0, rows returned: 1, elapsed: 1.031ms

with following_false as (
  select
    false as following
)
select
  username,
  bio,
  image,
  following
from
  condituser
  cross join following_false
where
  id = $1;

[32m[1msqlx::query[0m with following_false as ( …; rows affected: 0, rows returned: 1, elapsed: 342.346µs

with following_false as (
  select
    false as following
)
select
  username,
  bio,
  image,
  following
from
  condituser
  cross join following_false
where
  id = $1;

[32m[1msqlx::query[0m select count(*) from article …; rows affected: 0, rows returned: 1, elapsed: 282.306µs

select
  count(*)
from
  article
  inner join favoriting on article.id = favoriting.article_id
  and article.id = $1;

[32m[1msqlx::query[0m select name from tag …; rows affected: 1, rows returned: 1, elapsed: 315.996µs

select
  name
from
  tag
where
  article_id = $1;

[32m[1msqlx::query[0m select count(*) from article …; rows affected: 0, rows returned: 1, elapsed: 678.960µs

select
  count(*)
from
  article
  inner join favoriting on article.id = favoriting.article_id
  and article.id = $1;

[32m[1msqlx::query[0m with following_false as ( …; rows affected: 0, rows returned: 1, elapsed: 465.221µs

with following_false as (
  select
    false as following
)
select
  username,
  bio,
  image,
  following
from
  condituser
  cross join following_false
where
  id = $1;

[32m[1msqlx::query[0m select name from tag …; rows affected: 1, rows returned: 1, elapsed: 1.410ms

select
  name
from
  tag
where
  article_id = $1;

[32m[1msqlx::query[0m select count(*) from article …; rows affected: 0, rows returned: 1, elapsed: 209.126µs

select
  count(*)
from
  article
  inner join favoriting on article.id = favoriting.article_id
  and article.id = $1;

[32m[1msqlx::query[0m select name from tag …; rows affected: 1, rows returned: 1, elapsed: 663.513µs

select
  name
from
  tag
where
  article_id = $1;

[32m[1msqlx::query[0m with following_false as ( …; rows affected: 0, rows returned: 1, elapsed: 169.216µs

with following_false as (
  select
    false as following
)
select
  username,
  bio,
  image,
  following
from
  condituser
  cross join following_false
where
  id = $1;

[32m[1msqlx::query[0m select count(*) from article …; rows affected: 0, rows returned: 1, elapsed: 297.543µs

select
  count(*)
from
  article
  inner join favoriting on article.id = favoriting.article_id
  and article.id = $1;

[32m[1msqlx::query[0m with following_false as ( …; rows affected: 0, rows returned: 1, elapsed: 222.476µs

with following_false as (
  select
    false as following
)
select
  username,
  bio,
  image,
  following
from
  condituser
  cross join following_false
where
  id = $1;

[32m[1msqlx::query[0m select name from tag …; rows affected: 1, rows returned: 1, elapsed: 371.422µs

select
  name
from
  tag
where
  article_id = $1;

[32m[1msqlx::query[0m select count(*) from article …; rows affected: 0, rows returned: 1, elapsed: 556.854µs

select
  count(*)
from
  article
  inner join favoriting on article.id = favoriting.article_id
  and article.id = $1;

[32m[1msqlx::query[0m with following_false as ( …; rows affected: 0, rows returned: 1, elapsed: 207.029µs

with following_false as (
  select
    false as following
)
select
  username,
  bio,
  image,
  following
from
  condituser
  cross join following_false
where
  id = $1;

[32m[1msqlx::query[0m select name from tag …; rows affected: 1, rows returned: 1, elapsed: 221.568µs

select
  name
from
  tag
where
  article_id = $1;

[32m[1msqlx::query[0m select count(*) from article …; rows affected: 0, rows returned: 1, elapsed: 195.497µs

select
  count(*)
from
  article
  inner join favoriting on article.id = favoriting.article_id
  and article.id = $1;

[32m[1msqlx::query[0m select name from tag …; rows affected: 1, rows returned: 1, elapsed: 222.685µs

select
  name
from
  tag
where
  article_id = $1;

[32m[1msqlx::query[0m with following_false as ( …; rows affected: 0, rows returned: 1, elapsed: 155.516µs

with following_false as (
  select
    false as following
)
select
  username,
  bio,
  image,
  following
from
  condituser
  cross join following_false
where
  id = $1;

[32m[1msqlx::query[0m with following_false as ( …; rows affected: 0, rows returned: 1, elapsed: 243.304µs

with following_false as (
  select
    false as following
)
select
  username,
  bio,
  image,
  following
from
  condituser
  cross join following_false
where
  id = $1;

[32m[1msqlx::query[0m select count(*) from article …; rows affected: 0, rows returned: 1, elapsed: 1.149ms

select
  count(*)
from
  article
  inner join favoriting on article.id = favoriting.article_id
  and article.id = $1;

[32m[1msqlx::query[0m select count(*) from article …; rows affected: 0, rows returned: 1, elapsed: 535.186µs

select
  count(*)
from
  article
  inner join favoriting on article.id = favoriting.article_id
  and article.id = $1;

[32m[1msqlx::query[0m select name from tag …; rows affected: 1, rows returned: 1, elapsed: 320.818µs

select
  name
from
  tag
where
  article_id = $1;

[32m[1msqlx::query[0m select name from tag …; rows affected: 1, rows returned: 1, elapsed: 360.589µs

select
  name
from
  tag
where
  article_id = $1;

[32m[1msqlx::query[0m with following_false as ( …; rows affected: 0, rows returned: 1, elapsed: 132.800µs

with following_false as (
  select
    false as following
)
select
  username,
  bio,
  image,
  following
from
  condituser
  cross join following_false
where
  id = $1;

[32m[1msqlx::query[0m select count(*) from article …; rows affected: 0, rows returned: 1, elapsed: 219.960µs

select
  count(*)
from
  article
  inner join favoriting on article.id = favoriting.article_id
  and article.id = $1;

[32m[1msqlx::query[0m with following_false as ( …; rows affected: 0, rows returned: 1, elapsed: 467.388µs

with following_false as (
  select
    false as following
)
select
  username,
  bio,
  image,
  following
from
  condituser
  cross join following_false
where
  id = $1;

[32m[1msqlx::query[0m select name from tag …; rows affected: 1, rows returned: 1, elapsed: 267.349µs

select
  name
from
  tag
where
  article_id = $1;

[32m[1mtide::log::middleware[0m --> Response sent
    [1mmethod[0m GET
    [1mpath[0m /api/v1/articles
    [1mstatus[0m 200 - OK
    [1mduration[0m 129.030448ms
[32m[1msqlx::query[0m select count(*) from article …; rows affected: 0, rows returned: 1, elapsed: 222.546µs

select
  count(*)
from
  article
  inner join favoriting on article.id = favoriting.article_id
  and article.id = $1;

[32m[1msqlx::query[0m select name from tag …; rows affected: 1, rows returned: 1, elapsed: 602.495µs

select
  name
from
  tag
where
  article_id = $1;

[32m[1msqlx::query[0m with following_false as ( …; rows affected: 0, rows returned: 1, elapsed: 767.447µs

with following_false as (
  select
    false as following
)
select
  username,
  bio,
  image,
  following
from
  condituser
  cross join following_false
where
  id = $1;

[32m[1msqlx::query[0m select count(*) from article …; rows affected: 0, rows returned: 1, elapsed: 850.553µs

select
  count(*)
from
  article
  inner join favoriting on article.id = favoriting.article_id
  and article.id = $1;

[32m[1msqlx::query[0m select name from tag …; rows affected: 1, rows returned: 1, elapsed: 763.882µs

select
  name
from
  tag
where
  article_id = $1;

[32m[1msqlx::query[0m with following_false as ( …; rows affected: 0, rows returned: 1, elapsed: 3.414ms

with following_false as (
  select
    false as following
)
select
  username,
  bio,
  image,
  following
from
  condituser
  cross join following_false
where
  id = $1;

[32m[1msqlx::query[0m select count(*) from article …; rows affected: 0, rows returned: 1, elapsed: 269.445µs

select
  count(*)
from
  article
  inner join favoriting on article.id = favoriting.article_id
  and article.id = $1;

[32m[1msqlx::query[0m select name from tag …; rows affected: 1, rows returned: 1, elapsed: 360.100µs

select
  name
from
  tag
where
  article_id = $1;

[32m[1mtide::log::middleware[0m --> Response sent
    [1mmethod[0m GET
    [1mpath[0m /api/v1/articles
    [1mstatus[0m 200 - OK
    [1mduration[0m 130.738123ms
[32m[1mtide::log::middleware[0m <-- Request received
    [1mmethod[0m GET
    [1mpath[0m /api/v1/articles
[32m[1mback::applications::article[0m resolved query string is: %1%
[32m[1mtide::log::middleware[0m <-- Request received
    [1mmethod[0m GET
    [1mpath[0m /api/v1/tags
[32m[1msqlx::query[0m select article.id as id, …; rows affected: 10, rows returned: 10, elapsed: 788.047µs

select
  article.id as id,
  title,
  description,
  body,
  created_at,
  updated_at,
  author_id
from
  article
  inner join condituser on author_id = condituser.id
  inner join tag on tag.article_id = article.id
where
  title ilike '%1%'
group by
  article.id
order by
  updated_at desc
limit
  10 offset 0;

[32m[1msqlx::query[0m select count(distinct article.id) from …; rows affected: 0, rows returned: 1, elapsed: 428.726µs

select
  count(distinct article.id)
from
  article
  inner join condituser on author_id = condituser.id
  inner join tag on tag.article_id = article.id
where
  title ilike '%1%'

[32m[1msqlx::query[0m with follower as ( …; rows affected: 0, rows returned: 0, elapsed: 854.655µs

with follower as (
  select
    article_id,
    id as user_id
  from
    favoriting
    inner join condituser on favoriting.follower_id = condituser.id
),
rank as (
  select
    name,
    count(follower.user_id) as hot
  from
    tag
    left join follower on follower.article_id = tag.article_id
  where
    name ilike $1
  group by
    name
  order by
    hot desc
  limit
    10
)
select
  name
from
  rank;

[32m[1mtide::log::middleware[0m --> Response sent
    [1mmethod[0m GET
    [1mpath[0m /api/v1/tags
    [1mstatus[0m 200 - OK
    [1mduration[0m 8.505945ms
[32m[1msqlx::query[0m with following_false as ( …; rows affected: 0, rows returned: 1, elapsed: 213.384µs

with following_false as (
  select
    false as following
)
select
  username,
  bio,
  image,
  following
from
  condituser
  cross join following_false
where
  id = $1;

[32m[1msqlx::query[0m select count(*) from article …; rows affected: 0, rows returned: 1, elapsed: 425.860µs

select
  count(*)
from
  article
  inner join favoriting on article.id = favoriting.article_id
  and article.id = $1;

[32m[1msqlx::query[0m select name from tag …; rows affected: 1, rows returned: 1, elapsed: 242.250µs

select
  name
from
  tag
where
  article_id = $1;

[32m[1msqlx::query[0m with following_false as ( …; rows affected: 0, rows returned: 1, elapsed: 400.489µs

with following_false as (
  select
    false as following
)
select
  username,
  bio,
  image,
  following
from
  condituser
  cross join following_false
where
  id = $1;

[32m[1msqlx::query[0m select count(*) from article …; rows affected: 0, rows returned: 1, elapsed: 247.842µs

select
  count(*)
from
  article
  inner join favoriting on article.id = favoriting.article_id
  and article.id = $1;

[32m[1msqlx::query[0m select name from tag …; rows affected: 1, rows returned: 1, elapsed: 341.639µs

select
  name
from
  tag
where
  article_id = $1;

[32m[1msqlx::query[0m with following_false as ( …; rows affected: 0, rows returned: 1, elapsed: 248.121µs

with following_false as (
  select
    false as following
)
select
  username,
  bio,
  image,
  following
from
  condituser
  cross join following_false
where
  id = $1;

[32m[1msqlx::query[0m select count(*) from article …; rows affected: 0, rows returned: 1, elapsed: 516.023µs

select
  count(*)
from
  article
  inner join favoriting on article.id = favoriting.article_id
  and article.id = $1;

[32m[1msqlx::query[0m select name from tag …; rows affected: 1, rows returned: 1, elapsed: 228.411µs

select
  name
from
  tag
where
  article_id = $1;

[32m[1msqlx::query[0m with following_false as ( …; rows affected: 0, rows returned: 1, elapsed: 185.077µs

with following_false as (
  select
    false as following
)
select
  username,
  bio,
  image,
  following
from
  condituser
  cross join following_false
where
  id = $1;

[32m[1msqlx::query[0m select count(*) from article …; rows affected: 0, rows returned: 1, elapsed: 179.136µs

select
  count(*)
from
  article
  inner join favoriting on article.id = favoriting.article_id
  and article.id = $1;

[32m[1msqlx::query[0m select name from tag …; rows affected: 1, rows returned: 1, elapsed: 532.866µs

select
  name
from
  tag
where
  article_id = $1;

[32m[1msqlx::query[0m with following_false as ( …; rows affected: 0, rows returned: 1, elapsed: 207.373µs

with following_false as (
  select
    false as following
)
select
  username,
  bio,
  image,
  following
from
  condituser
  cross join following_false
where
  id = $1;

[32m[1msqlx::query[0m select count(*) from article …; rows affected: 0, rows returned: 1, elapsed: 220.443µs

select
  count(*)
from
  article
  inner join favoriting on article.id = favoriting.article_id
  and article.id = $1;

[32m[1msqlx::query[0m select name from tag …; rows affected: 1, rows returned: 1, elapsed: 263.428µs

select
  name
from
  tag
where
  article_id = $1;

[32m[1msqlx::query[0m with following_false as ( …; rows affected: 0, rows returned: 1, elapsed: 273.213µs

with following_false as (
  select
    false as following
)
select
  username,
  bio,
  image,
  following
from
  condituser
  cross join following_false
where
  id = $1;

[32m[1msqlx::query[0m select count(*) from article …; rows affected: 0, rows returned: 1, elapsed: 400.489µs

select
  count(*)
from
  article
  inner join favoriting on article.id = favoriting.article_id
  and article.id = $1;

[32m[1msqlx::query[0m select name from tag …; rows affected: 1, rows returned: 1, elapsed: 416.634µs

select
  name
from
  tag
where
  article_id = $1;

[32m[1msqlx::query[0m with following_false as ( …; rows affected: 0, rows returned: 1, elapsed: 333.321µs

with following_false as (
  select
    false as following
)
select
  username,
  bio,
  image,
  following
from
  condituser
  cross join following_false
where
  id = $1;

[32m[1msqlx::query[0m select count(*) from article …; rows affected: 0, rows returned: 1, elapsed: 382.736µs

select
  count(*)
from
  article
  inner join favoriting on article.id = favoriting.article_id
  and article.id = $1;

[32m[1msqlx::query[0m select name from tag …; rows affected: 1, rows returned: 1, elapsed: 389.656µs

select
  name
from
  tag
where
  article_id = $1;

[32m[1msqlx::query[0m with following_false as ( …; rows affected: 0, rows returned: 1, elapsed: 404.822µs

with following_false as (
  select
    false as following
)
select
  username,
  bio,
  image,
  following
from
  condituser
  cross join following_false
where
  id = $1;

[32m[1msqlx::query[0m select count(*) from article …; rows affected: 0, rows returned: 1, elapsed: 370.924µs

select
  count(*)
from
  article
  inner join favoriting on article.id = favoriting.article_id
  and article.id = $1;

[32m[1msqlx::query[0m select name from tag …; rows affected: 1, rows returned: 1, elapsed: 462.764µs

select
  name
from
  tag
where
  article_id = $1;

[32m[1msqlx::query[0m with following_false as ( …; rows affected: 0, rows returned: 1, elapsed: 272.375µs

with following_false as (
  select
    false as following
)
select
  username,
  bio,
  image,
  following
from
  condituser
  cross join following_false
where
  id = $1;

[32m[1msqlx::query[0m select count(*) from article …; rows affected: 0, rows returned: 1, elapsed: 343.106µs

select
  count(*)
from
  article
  inner join favoriting on article.id = favoriting.article_id
  and article.id = $1;

[32m[1msqlx::query[0m select name from tag …; rows affected: 1, rows returned: 1, elapsed: 377.773µs

select
  name
from
  tag
where
  article_id = $1;

[32m[1msqlx::query[0m with following_false as ( …; rows affected: 0, rows returned: 1, elapsed: 406.220µs

with following_false as (
  select
    false as following
)
select
  username,
  bio,
  image,
  following
from
  condituser
  cross join following_false
where
  id = $1;

[32m[1msqlx::query[0m select count(*) from article …; rows affected: 0, rows returned: 1, elapsed: 323.117µs

select
  count(*)
from
  article
  inner join favoriting on article.id = favoriting.article_id
  and article.id = $1;

[32m[1msqlx::query[0m select name from tag …; rows affected: 1, rows returned: 1, elapsed: 370.225µs

select
  name
from
  tag
where
  article_id = $1;

[32m[1mtide::log::middleware[0m --> Response sent
    [1mmethod[0m GET
    [1mpath[0m /api/v1/articles
    [1mstatus[0m 200 - OK
    [1mduration[0m 88.156209ms
[32m[1mtide::log::middleware[0m <-- Request received
    [1mmethod[0m GET
    [1mpath[0m /api/v1/articles
[32m[1mback::applications::article[0m resolved query string is: %1%2%
[32m[1mtide::log::middleware[0m <-- Request received
    [1mmethod[0m GET
    [1mpath[0m /api/v1/tags
[32m[1msqlx::query[0m select article.id as id, …; rows affected: 1, rows returned: 1, elapsed: 1.660ms

select
  article.id as id,
  title,
  description,
  body,
  created_at,
  updated_at,
  author_id
from
  article
  inner join condituser on author_id = condituser.id
  inner join tag on tag.article_id = article.id
where
  title ilike '%1%2%'
group by
  article.id
order by
  updated_at desc
limit
  10 offset 0;

[32m[1msqlx::query[0m with follower as ( …; rows affected: 0, rows returned: 0, elapsed: 953.058µs

with follower as (
  select
    article_id,
    id as user_id
  from
    favoriting
    inner join condituser on favoriting.follower_id = condituser.id
),
rank as (
  select
    name,
    count(follower.user_id) as hot
  from
    tag
    left join follower on follower.article_id = tag.article_id
  where
    name ilike $1
  group by
    name
  order by
    hot desc
  limit
    10
)
select
  name
from
  rank;

[32m[1mtide::log::middleware[0m --> Response sent
    [1mmethod[0m GET
    [1mpath[0m /api/v1/tags
    [1mstatus[0m 200 - OK
    [1mduration[0m 10.671437ms
[32m[1msqlx::query[0m select count(distinct article.id) from …; rows affected: 0, rows returned: 1, elapsed: 258.254µs

select
  count(distinct article.id)
from
  article
  inner join condituser on author_id = condituser.id
  inner join tag on tag.article_id = article.id
where
  title ilike '%1%2%'

[32m[1msqlx::query[0m with following_false as ( …; rows affected: 0, rows returned: 1, elapsed: 1.053ms

with following_false as (
  select
    false as following
)
select
  username,
  bio,
  image,
  following
from
  condituser
  cross join following_false
where
  id = $1;

[32m[1msqlx::query[0m select count(*) from article …; rows affected: 0, rows returned: 1, elapsed: 264.194µs

select
  count(*)
from
  article
  inner join favoriting on article.id = favoriting.article_id
  and article.id = $1;

[32m[1msqlx::query[0m select name from tag …; rows affected: 1, rows returned: 1, elapsed: 998.348µs

select
  name
from
  tag
where
  article_id = $1;

[32m[1mtide::log::middleware[0m --> Response sent
    [1mmethod[0m GET
    [1mpath[0m /api/v1/articles
    [1mstatus[0m 200 - OK
    [1mduration[0m 22.584659ms
[32m[1mtide::log::middleware[0m <-- Request received
    [1mmethod[0m GET
    [1mpath[0m /api/v1/articles
[32m[1mtide::log::middleware[0m <-- Request received
    [1mmethod[0m GET
    [1mpath[0m /api/v1/tags
[32m[1mback::applications::article[0m resolved query string is: %1%3%
[32m[1msqlx::query[0m select article.id as id, …; rows affected: 1, rows returned: 1, elapsed: 1.449ms

select
  article.id as id,
  title,
  description,
  body,
  created_at,
  updated_at,
  author_id
from
  article
  inner join condituser on author_id = condituser.id
  inner join tag on tag.article_id = article.id
where
  title ilike '%1%3%'
group by
  article.id
order by
  updated_at desc
limit
  10 offset 0;

[32m[1msqlx::query[0m with follower as ( …; rows affected: 0, rows returned: 0, elapsed: 939.631µs

with follower as (
  select
    article_id,
    id as user_id
  from
    favoriting
    inner join condituser on favoriting.follower_id = condituser.id
),
rank as (
  select
    name,
    count(follower.user_id) as hot
  from
    tag
    left join follower on follower.article_id = tag.article_id
  where
    name ilike $1
  group by
    name
  order by
    hot desc
  limit
    10
)
select
  name
from
  rank;

[32m[1mtide::log::middleware[0m --> Response sent
    [1mmethod[0m GET
    [1mpath[0m /api/v1/tags
    [1mstatus[0m 200 - OK
    [1mduration[0m 10.297605ms
[32m[1msqlx::query[0m select count(distinct article.id) from …; rows affected: 0, rows returned: 1, elapsed: 1.146ms

select
  count(distinct article.id)
from
  article
  inner join condituser on author_id = condituser.id
  inner join tag on tag.article_id = article.id
where
  title ilike '%1%3%'

[32m[1msqlx::query[0m with following_false as ( …; rows affected: 0, rows returned: 1, elapsed: 634.708µs

with following_false as (
  select
    false as following
)
select
  username,
  bio,
  image,
  following
from
  condituser
  cross join following_false
where
  id = $1;

[32m[1msqlx::query[0m select count(*) from article …; rows affected: 0, rows returned: 1, elapsed: 262.181µs

select
  count(*)
from
  article
  inner join favoriting on article.id = favoriting.article_id
  and article.id = $1;

[32m[1msqlx::query[0m select name from tag …; rows affected: 1, rows returned: 1, elapsed: 341.170µs

select
  name
from
  tag
where
  article_id = $1;

[32m[1mtide::log::middleware[0m --> Response sent
    [1mmethod[0m GET
    [1mpath[0m /api/v1/articles
    [1mstatus[0m 200 - OK
    [1mduration[0m 21.459275ms
